[18:31:37] [main/INFO]: Loading Minecraft 1.21 with Fabric Loader 0.16.5
[18:31:37] [ForkJoinPool-1-worker-5/WARN]: Mod dev_isxander_libsdl4j uses the version 3.6896c4c-38 which isn't compatible with Loader's extended semantic version format (Could not parse version number component '6896c4c'!), SemVer is recommended for reliably evaluating dependencies and prioritizing newer version
[18:31:37] [main/WARN]: Warnings were found!
 - Mod 'Forge Config API Port' (forgeconfigapiport) 21.0.8 recommends any version of modmenu, which is missing!
	 - You should install any version of modmenu for the optimal experience.
[18:31:37] [main/INFO]: Loading 89 mods:
	- biomesoplenty 21.0.0.15
	- carryon 2.2.1
	- controlify 2.0.0-beta.14+1.21-fabric
	   |-- dev_isxander_libsdl4j 3.6896c4c-38
	   |-- org_hid4java_hid4java 0.7.0
	   |-- org_quiltmc_parsers_gson 0.3.0
	   \-- org_quiltmc_parsers_json 0.3.0
	- cristellib 1.2.8
	   \-- blue_endless_jankson 1.2.3
	- fabric-api 0.102.0+1.21
	   |-- fabric-api-base 0.4.42+6573ed8cd1
	   |-- fabric-api-lookup-api-v1 1.6.68+b5597344d1
	   |-- fabric-biome-api-v1 13.0.29+5bd9f1bcd1
	   |-- fabric-block-api-v1 1.0.22+0af3f5a7d1
	   |-- fabric-block-view-api-v2 1.0.10+6573ed8cd1
	   |-- fabric-blockrenderlayer-v1 1.1.52+0af3f5a7d1
	   |-- fabric-client-tags-api-v1 1.1.15+6573ed8cd1
	   |-- fabric-command-api-v1 1.2.49+f71b366fd1
	   |-- fabric-command-api-v2 2.2.28+6ced4dd9d1
	   |-- fabric-commands-v0 0.2.66+df3654b3d1
	   |-- fabric-content-registries-v0 8.0.16+b5597344d1
	   |-- fabric-convention-tags-v1 2.0.19+7f945d5bd1
	   |-- fabric-convention-tags-v2 2.5.0+c5e2b5c6d1
	   |-- fabric-crash-report-info-v1 0.2.29+0af3f5a7d1
	   |-- fabric-data-attachment-api-v1 1.1.27+6a6dfa19d1
	   |-- fabric-data-generation-api-v1 20.2.16+16c4ae25d1
	   |-- fabric-dimensions-v1 4.0.0+6fc22b99d1
	   |-- fabric-entity-events-v1 1.6.12+6fc22b99d1
	   |-- fabric-events-interaction-v0 0.7.12+ba9dae06d1
	   |-- fabric-game-rule-api-v1 1.0.53+6ced4dd9d1
	   |-- fabric-item-api-v1 11.0.0+afdfc921d1
	   |-- fabric-item-group-api-v1 4.1.4+78017270d1
	   |-- fabric-key-binding-api-v1 1.0.47+0af3f5a7d1
	   |-- fabric-keybindings-v0 0.2.45+df3654b3d1
	   |-- fabric-lifecycle-events-v1 2.3.12+6c1df360d1
	   |-- fabric-loot-api-v2 3.0.14+3f89f5a5d1
	   |-- fabric-loot-api-v3 1.0.2+3f89f5a5d1
	   |-- fabric-message-api-v1 6.0.13+6573ed8cd1
	   |-- fabric-model-loading-api-v1 2.0.0+fe474d6bd1
	   |-- fabric-networking-api-v1 4.2.2+60c3209bd1
	   |-- fabric-object-builder-api-v1 15.2.0+a551f7a4d1
	   |-- fabric-particles-v1 4.0.2+6573ed8cd1
	   |-- fabric-recipe-api-v1 5.0.12+65089712d1
	   |-- fabric-registry-sync-v0 5.1.2+60c3209bd1
	   |-- fabric-renderer-api-v1 3.4.0+c705a49cd1
	   |-- fabric-renderer-indigo 1.7.0+c705a49cd1
	   |-- fabric-renderer-registries-v1 3.2.68+df3654b3d1
	   |-- fabric-rendering-data-attachment-v1 0.3.48+73761d2ed1
	   |-- fabric-rendering-fluids-v1 3.1.6+b5597344d1
	   |-- fabric-rendering-v0 1.1.71+df3654b3d1
	   |-- fabric-rendering-v1 5.0.5+df16efd0d1
	   |-- fabric-resource-conditions-api-v1 4.3.0+8dc279b1d1
	   |-- fabric-resource-loader-v0 1.3.0+56599129d1
	   |-- fabric-screen-api-v1 2.0.24+b5597344d1
	   |-- fabric-screen-handler-api-v1 1.3.86+b5597344d1
	   |-- fabric-sound-api-v1 1.0.23+6573ed8cd1
	   |-- fabric-transfer-api-v1 5.1.16+3dccd343d1
	   \-- fabric-transitive-access-wideners-v1 6.1.0+176f9036d1
	- fabricloader 0.16.5
	   \-- mixinextras 0.4.1
	- forgeconfigapiport 21.0.8
	   |-- com_electronwill_night-config_core 3.8.0
	   \-- com_electronwill_night-config_toml 3.8.0
	- glitchcore 2.0.0.3
	   \-- net_jodah_typetools 0.6.3
	- iris 1.8.0-beta.4+mc1.21.1
	   |-- io_github_douira_glsl-transformer 2.0.1
	   |-- org_anarres_jcpp 1.4.14
	   \-- org_antlr_antlr4-runtime 4.13.1
	- java 21
	- jei 19.20.0.241
	- journeymap 1.21-6.0.0-beta.27
	   |-- ar_com_hjg_pngj 2.1.0
	   |-- commonnetworking 1.0.16-1.21
	   \-- journeymap-api-fabric 2.0.0-1.21-SNAPSHOT
	- leavesbegone 21.0.0
	- mcwbridges 3.0.0
	- minecraft 1.21
	- puzzleslib 21.0.28
	- sodium 0.6.0-beta.2+mc1.21.1
	- t_and_t 1.13.2
	- terrablender 4.0.0.2
	- yet_another_config_lib_v3 3.5.0+1.21-fabric
	   |-- com_twelvemonkeys_common_common-image 3.10.0
	   |-- com_twelvemonkeys_common_common-io 3.10.0
	   |-- com_twelvemonkeys_common_common-lang 3.10.0
	   |-- com_twelvemonkeys_imageio_imageio-core 3.10.0
	   |-- com_twelvemonkeys_imageio_imageio-metadata 3.10.0
	   \-- com_twelvemonkeys_imageio_imageio-webp 3.10.0
[18:31:37] [main/INFO]: SpongePowered MIXIN Subsystem Version=0.8.7 Source=file:/C:/Users/danny/curseforge/minecraft/Install/libraries/net/fabricmc/sponge-mixin/0.15.3+mixin.0.8.7/sponge-mixin-0.15.3+mixin.0.8.7.jar Service=Knot/Fabric Env=CLIENT
[18:31:38] [main/INFO]: Compatibility level set to JAVA_17
[18:31:38] [main/INFO]: Compatibility level set to JAVA_21
[18:31:38] [main/WARN]: Reference map 'forgeconfigapiport.common.refmap.json' for forgeconfigapiport.common.mixins.json could not be read. If this is a development environment you can ignore this message
[18:31:38] [main/ERROR]: Failed reading REFMAP JSON from : java.lang.NullPointerException Cannot invoke "org.spongepowered.asm.mixin.refmap.ReferenceMapper.setResourceName(String)" because "mapper" is null
[18:31:38] [main/WARN]: Reference map '' for mixins.iris.compat.dh.json could not be read. If this is a development environment you can ignore this message
[18:31:38] [main/WARN]: Reference map 'journeymap-refmap.json' for journeymap.mixins.json could not be read. If this is a development environment you can ignore this message
[18:31:38] [main/WARN]: Reference map 'journeymap-refmap.json' for journeymap.fabric.mixins.json could not be read. If this is a development environment you can ignore this message
[18:31:38] [main/WARN]: Reference map 'leavesbegone.fabric.refmap.json' for leavesbegone.fabric.mixins.json could not be read. If this is a development environment you can ignore this message
[18:31:38] [main/INFO]: Loaded configuration file for Sodium: 43 options available, 1 override(s) found
[18:31:39] [main/WARN]: Error loading class: me/jellysquid/mods/sodium/client/gui/widgets/AbstractWidget (java.lang.ClassNotFoundException: me/jellysquid/mods/sodium/client/gui/widgets/AbstractWidget)
[18:31:39] [main/WARN]: @Mixin target me.jellysquid.mods.sodium.client.gui.widgets.AbstractWidget was not found controlify-compat.sodium.mixins.json:AbstractWidgetMixin from mod controlify
[18:31:39] [main/WARN]: Error loading class: me/jellysquid/mods/sodium/client/gui/options/control/CyclingControl$CyclingControlElement (java.lang.ClassNotFoundException: me/jellysquid/mods/sodium/client/gui/options/control/CyclingControl$CyclingControlElement)
[18:31:39] [main/WARN]: @Mixin target me/jellysquid/mods/sodium/client/gui/options/control/CyclingControl$CyclingControlElement was not found controlify-compat.sodium.mixins.json:CycleControlElementMixin from mod controlify
[18:31:39] [main/WARN]: Error loading class: me/jellysquid/mods/sodium/client/gui/widgets/FlatButtonWidget (java.lang.ClassNotFoundException: me/jellysquid/mods/sodium/client/gui/widgets/FlatButtonWidget)
[18:31:39] [main/WARN]: @Mixin target me.jellysquid.mods.sodium.client.gui.widgets.FlatButtonWidget was not found controlify-compat.sodium.mixins.json:FlatButtonWidgetAccessor from mod controlify
[18:31:39] [main/WARN]: Error loading class: me/jellysquid/mods/sodium/client/gui/widgets/FlatButtonWidget (java.lang.ClassNotFoundException: me/jellysquid/mods/sodium/client/gui/widgets/FlatButtonWidget)
[18:31:39] [main/WARN]: @Mixin target me.jellysquid.mods.sodium.client.gui.widgets.FlatButtonWidget was not found controlify-compat.sodium.mixins.json:FlatButtonWidgetMixin from mod controlify
[18:31:39] [main/WARN]: Error loading class: me/jellysquid/mods/sodium/client/gui/options/control/SliderControl$Button (java.lang.ClassNotFoundException: me/jellysquid/mods/sodium/client/gui/options/control/SliderControl$Button)
[18:31:39] [main/WARN]: @Mixin target me/jellysquid/mods/sodium/client/gui/options/control/SliderControl$Button was not found controlify-compat.sodium.mixins.json:SliderControlElementMixin from mod controlify
[18:31:39] [main/WARN]: Error loading class: me/jellysquid/mods/sodium/client/gui/options/control/TickBoxControl$TickBoxControlElement (java.lang.ClassNotFoundException: me/jellysquid/mods/sodium/client/gui/options/control/TickBoxControl$TickBoxControlElement)
[18:31:39] [main/WARN]: @Mixin target me/jellysquid/mods/sodium/client/gui/options/control/TickBoxControl$TickBoxControlElement was not found controlify-compat.sodium.mixins.json:TickBoxControlElementMixin from mod controlify
[18:31:39] [main/WARN]: Error loading class: me/jellysquid/mods/sodium/client/gui/SodiumOptionsGUI (java.lang.ClassNotFoundException: me/jellysquid/mods/sodium/client/gui/SodiumOptionsGUI)
[18:31:39] [main/WARN]: @Mixin target me.jellysquid.mods.sodium.client.gui.SodiumOptionsGUI was not found controlify-compat.sodium.mixins.json:SodiumOptionsGUIMixin from mod controlify
[18:31:39] [main/WARN]: Force-disabling mixin 'features.render.world.sky.FogRendererMixin' as rule 'mixin.features.render.world.sky' (added by mods [iris]) disables it and children
[18:31:39] [main/WARN]: Force-disabling mixin 'features.render.world.sky.ClientLevelMixin' as rule 'mixin.features.render.world.sky' (added by mods [iris]) disables it and children
[18:31:39] [main/WARN]: Force-disabling mixin 'features.render.world.sky.LevelRendererMixin' as rule 'mixin.features.render.world.sky' (added by mods [iris]) disables it and children
[18:31:39] [main/WARN]: Error loading class: org/jetbrains/annotations/ApiStatus$Internal (java.lang.ClassNotFoundException: org/jetbrains/annotations/ApiStatus$Internal)
[18:31:39] [main/INFO]: Searching for graphics cards...
[18:31:39] [main/INFO]: Found graphics adapter: AdapterInfo{vendor=AMD, description='AMD Radeon(TM) Graphics', adapterType=0x00002323, openglIcdFilePath='C:\Windows\System32\DriverStore\FileRepository\u0395565.inf_amd64_952d340e4545144e\B395243\atig6pxx.dll', openglIcdVersion=31.0.21024.2004}
[18:31:39] [main/INFO]: Found graphics adapter: AdapterInfo{vendor=NVIDIA, description='NVIDIA GeForce RTX 3060 Laptop GPU', adapterType=0x0000231B, openglIcdFilePath='C:\Windows\System32\DriverStore\FileRepository\nvlti.inf_amd64_8a5f4454d3faac1c\nvoglv64.dll', openglIcdVersion=31.0.15.5222}
[18:31:39] [main/WARN]: Sodium has applied one or more workarounds to prevent crashes or other issues on your system: [NVIDIA_THREADED_OPTIMIZATIONS]
[18:31:39] [main/WARN]: This is not necessarily an issue, but it may result in certain features or optimizations being disabled. You can sometimes fix these issues by upgrading your graphics driver.
[18:31:40] [main/INFO]: Initializing MixinExtras via com.llamalad7.mixinextras.service.MixinExtrasServiceImpl(version=0.4.1).
[18:31:41] [Datafixer Bootstrap/INFO]: 226 Datafixer optimizations took 253 milliseconds
[18:31:46] [Render thread/INFO]: Environment: Environment[sessionHost=https://sessionserver.mojang.com, servicesHost=https://api.minecraftservices.com, name=PROD]
[18:31:46] [Render thread/INFO]: Setting user: Serbroda
[18:31:46] [Render thread/ERROR]: No data fixer registered for biomesoplenty:boat
[18:31:46] [Render thread/ERROR]: No data fixer registered for biomesoplenty:chest_boat
[18:31:46] [Render thread/ERROR]: No data fixer registered for anomaly
[18:31:46] [Render thread/INFO]: Initializing ServerSide Packet Registries
[18:31:46] [Render thread/INFO]: Constructing common components for leavesbegone:main
[18:31:46] [Render thread/INFO]: Constructing common components for puzzleslib:main
[18:31:46] [Render thread/INFO]: Registered region minecraft:overworld to index 0 for type OVERWORLD
[18:31:46] [Render thread/INFO]: Registered region minecraft:nether to index 0 for type NETHER
[18:31:46] [Render thread/INFO]: Registered region biomesoplenty:overworld_primary to index 1 for type OVERWORLD
[18:31:46] [Render thread/INFO]: Registered region biomesoplenty:overworld_secondary to index 2 for type OVERWORLD
[18:31:46] [Render thread/INFO]: Registered region biomesoplenty:overworld_rare to index 3 for type OVERWORLD
[18:31:46] [Render thread/INFO]: Registered region biomesoplenty:nether_common to index 1 for type NETHER
[18:31:46] [Render thread/INFO]: Registered region biomesoplenty:nether_rare to index 2 for type NETHER
[18:31:46] [Render thread/INFO]: Pre-initializing Controlify...
[18:31:47] [Render thread/INFO]: [Indigo] Different rendering plugin detected; not applying Indigo.
[18:31:47] [Render thread/INFO]: Sending ConfigManager...
[18:31:47] [Render thread/INFO]: Sending ConfigManager took 1.276 ms
[18:31:47] [Render thread/INFO]: Loaded null for service interface journeymap.api.services.WebMapService
[18:31:47] [Render thread/INFO]: Loaded journeymap.common.helpers.FabricClientHooks@497c2115 for service interface journeymap.api.services.ClientPlatformService
[18:31:47] [Render thread/INFO]: Loaded journeymap.common.helpers.FabricHooks@505c099d for service interface journeymap.api.services.CommonPlatformService
[18:31:47] [Render thread/INFO]: Constructing client components for leavesbegone:main
[18:31:47] [Render thread/INFO]: Constructing client components for puzzleslib:main
[18:31:47] [Render thread/INFO]: Config file 'C:\Users\danny\curseforge\minecraft\Instances\Dngry Fabric\config\yacl.json5' does not exist. Creating it with default values.
[18:31:47] [Render thread/INFO]: Serializing class dev.isxander.yacl3.platform.YACLConfig to 'C:\Users\danny\curseforge\minecraft\Instances\Dngry Fabric\config\yacl.json5'
[18:31:48] [Render thread/INFO]: Backend library: LWJGL version 3.3.3-snapshot
[18:31:48] [Render thread/WARN]: Applying workaround: Prevent the NVIDIA OpenGL driver from using broken optimizations (NVIDIA_THREADED_OPTIMIZATIONS)
[18:31:48] [ForkJoinPool.commonPool-worker-1/WARN]: [Iris Update Check] This version doesn't have an update index, skipping.
[18:31:48] [Render thread/INFO]: OpenGL Vendor: NVIDIA Corporation
[18:31:48] [Render thread/INFO]: OpenGL Renderer: NVIDIA GeForce RTX 3060 Laptop GPU/PCIe/SSE2
[18:31:48] [Render thread/INFO]: OpenGL Version: 3.2.0 NVIDIA 552.22
[18:31:48] [Render thread/INFO]: Debug functionality is disabled.
[18:31:48] [Render thread/INFO]: ARB_direct_state_access detected, enabling DSA.
[18:31:49] [Render thread/INFO]: Profile: HIGH (+0 options changed by user)
[18:31:49] [Render thread/INFO]: Using shaderpack: BSLOriginal_v8.3.zip
[18:31:49] [Render thread/WARN]: Removed resource pack jei from options because it is no longer compatible
[18:31:49] [Render thread/WARN]: Removed resource pack yet_another_config_lib_v3 from options because it is no longer compatible
[18:31:49] [Render thread/INFO]: Hardware information:
[18:31:49] [Render thread/INFO]: CPU: 12x AMD Ryzen 5 6600H with Radeon Graphics 
[18:31:49] [Render thread/INFO]: GPU: NVIDIA GeForce RTX 3060 Laptop GPU/PCIe/SSE2 (Supports OpenGL 3.2.0 NVIDIA 552.22)
[18:31:49] [Render thread/INFO]: OS: Windows 11 (10.0)
[18:31:50] [Render thread/INFO]: Reloading ResourceManager: vanilla, fabric, biomesoplenty, carryon, controlify, cristellib, fabric-api, fabric-api-base, fabric-api-lookup-api-v1, fabric-biome-api-v1, fabric-block-api-v1, fabric-block-view-api-v2, fabric-blockrenderlayer-v1, fabric-client-tags-api-v1, fabric-command-api-v1, fabric-command-api-v2, fabric-commands-v0, fabric-content-registries-v0, fabric-convention-tags-v1, fabric-convention-tags-v2, fabric-crash-report-info-v1, fabric-data-attachment-api-v1, fabric-data-generation-api-v1, fabric-dimensions-v1, fabric-entity-events-v1, fabric-events-interaction-v0, fabric-game-rule-api-v1, fabric-item-api-v1, fabric-item-group-api-v1, fabric-key-binding-api-v1, fabric-keybindings-v0, fabric-lifecycle-events-v1, fabric-loot-api-v2, fabric-loot-api-v3, fabric-message-api-v1, fabric-model-loading-api-v1, fabric-networking-api-v1, fabric-object-builder-api-v1, fabric-particles-v1, fabric-recipe-api-v1, fabric-registry-sync-v0, fabric-renderer-api-v1, fabric-renderer-indigo, fabric-renderer-registries-v1, fabric-rendering-data-attachment-v1, fabric-rendering-fluids-v1, fabric-rendering-v0, fabric-rendering-v1, fabric-resource-conditions-api-v1, fabric-resource-loader-v0, fabric-screen-api-v1, fabric-screen-handler-api-v1, fabric-sound-api-v1, fabric-transfer-api-v1, fabric-transitive-access-wideners-v1, fabricloader, forgeconfigapiport, iris, jei, journeymap, mcwbridges, sodium, terrablender, yet_another_config_lib_v3, file/Default HD Alpha 1.7.5.zip
[18:31:50] [Worker-Main-5/INFO]: Found unifont_all_no_pua-15.1.05.hex, loading
[18:31:50] [Worker-Main-10/WARN]: Invalid path in datapack: minecraft:textures/block/birch_sapling (2).png, ignoring
[18:31:50] [Worker-Main-10/WARN]: Invalid path in datapack: minecraft:textures/block/dark_oak_planks (2).png, ignoring
[18:31:50] [Worker-Main-10/WARN]: Invalid path in datapack: minecraft:textures/block/dark_oak_sapling (2).png, ignoring
[18:31:50] [Worker-Main-10/WARN]: Invalid path in datapack: minecraft:textures/block/jungle_planks (2).png, ignoring
[18:31:50] [Worker-Main-10/WARN]: Invalid path in datapack: minecraft:textures/block/jungle_sapling (2).png, ignoring
[18:31:50] [Worker-Main-10/WARN]: Invalid path in datapack: minecraft:textures/block/oak_planks (2).png, ignoring
[18:31:50] [Worker-Main-10/WARN]: Invalid path in datapack: minecraft:textures/block/oak_sapling (2).png, ignoring
[18:31:50] [Render thread/WARN]: Invalid path in datapack: minecraft:textures/block/birch_sapling (2).png, ignoring
[18:31:50] [Render thread/WARN]: Invalid path in datapack: minecraft:textures/block/dark_oak_planks (2).png, ignoring
[18:31:50] [Render thread/WARN]: Invalid path in datapack: minecraft:textures/block/dark_oak_sapling (2).png, ignoring
[18:31:50] [Worker-Main-10/WARN]: Invalid path in datapack: minecraft:textures/block/spruce_planks (2).png, ignoring
[18:31:50] [Worker-Main-10/WARN]: Invalid path in datapack: minecraft:textures/block/spruce_sapling (2).png, ignoring
[18:31:50] [Render thread/WARN]: Invalid path in datapack: minecraft:textures/block/jungle_planks (2).png, ignoring
[18:31:50] [Render thread/WARN]: Invalid path in datapack: minecraft:textures/block/jungle_sapling (2).png, ignoring
[18:31:50] [Render thread/WARN]: Invalid path in datapack: minecraft:textures/block/oak_planks (2).png, ignoring
[18:31:50] [Render thread/WARN]: Invalid path in datapack: minecraft:textures/block/oak_sapling (2).png, ignoring
[18:31:50] [Render thread/WARN]: Invalid path in datapack: minecraft:textures/block/spruce_planks (2).png, ignoring
[18:31:50] [Render thread/WARN]: Invalid path in datapack: minecraft:textures/block/spruce_sapling (2).png, ignoring
[18:31:50] [Render thread/INFO]: Found @JourneyMapPlugin: journeymap.api.plugins.LoadedChunkOverlayPlugin
[18:31:50] [Worker-Main-5/INFO]: Found unifont_jp_patch-15.1.05.hex, loading
[18:31:52] [Worker-Main-1/WARN]: Unused frames in sprite minecraft:entity/conduit/wind: [22, 23, 24, 25, 26, 27, 28, 29, 30, 31]
[18:31:52] [Worker-Main-10/WARN]: Unused frames in sprite minecraft:entity/conduit/wind_vertical: [22, 23, 24, 25, 26, 27, 28, 29, 30, 31]
[18:31:52] [Worker-Main-6/WARN]: Unused frames in sprite minecraft:block/fire_layer_0: [16, 17, 18, 19, 20, 21, 22, 23, 24, 25, 26, 27, 28, 29, 30, 31]
[18:31:53] [Render thread/WARN]: Missing sound for event: minecraft:item.goat_horn.play
[18:31:53] [Render thread/WARN]: Missing sound for event: minecraft:entity.goat.screaming.horn_break
[18:31:54] [Render thread/INFO]: OpenAL initialized on device OpenAL Soft on Lautsprecher (Realtek(R) Audio)
[18:31:54] [Render thread/INFO]: Sound engine started
[18:31:54] [Render thread/INFO]: Created: 4096x4096x4 minecraft:textures/atlas/blocks.png-atlas
[18:31:54] [Render thread/INFO]: Created: 512x512x4 minecraft:textures/atlas/signs.png-atlas
[18:31:54] [Render thread/INFO]: Created: 512x512x4 minecraft:textures/atlas/shield_patterns.png-atlas
[18:31:54] [Render thread/INFO]: Created: 512x512x4 minecraft:textures/atlas/banner_patterns.png-atlas
[18:31:54] [Render thread/INFO]: Created: 2048x1024x4 minecraft:textures/atlas/armor_trims.png-atlas
[18:31:54] [Render thread/INFO]: Created: 128x64x4 minecraft:textures/atlas/decorated_pot.png-atlas
[18:31:54] [Render thread/INFO]: Created: 1024x1024x4 minecraft:textures/atlas/chest.png-atlas
[18:31:54] [Render thread/INFO]: Created: 512x256x4 minecraft:textures/atlas/shulker_boxes.png-atlas
[18:31:54] [Render thread/INFO]: Created: 512x256x4 minecraft:textures/atlas/beds.png-atlas
[18:31:54] [Render thread/INFO]: Created: 512x256x0 minecraft:textures/atlas/particles.png-atlas
[18:31:54] [Render thread/INFO]: Created: 512x256x0 minecraft:textures/atlas/paintings.png-atlas
[18:31:54] [Render thread/INFO]: Created: 256x128x0 minecraft:textures/atlas/mob_effects.png-atlas
[18:31:54] [Render thread/INFO]: Created: 64x64x0 minecraft:textures/atlas/map_decorations.png-atlas
[18:31:54] [Render thread/INFO]: Created: 1024x512x0 minecraft:textures/atlas/gui.png-atlas
[18:31:54] [Render thread/WARN]: Shader rendertype_entity_translucent_emissive could not find sampler named Sampler2 in the specified shader program.
[18:31:54] [Render thread/WARN]: Shader journeymap:sepia_3 could not find uniform named ColorModulator in the specified shader program.
[18:31:54] [Render thread/WARN]: Shader journeymap:sepia_2 could not find uniform named ColorModulator in the specified shader program.
[18:31:54] [Render thread/WARN]: Shader journeymap:sepia_1 could not find uniform named ColorModulator in the specified shader program.
[18:31:54] [Render thread/INFO]: Created: 256x256x0 jei:textures/atlas/gui.png-atlas
[18:31:54] [Render thread/INFO]: Successfully loaded image 'controlify:textures/screenshots/reach-around-placement.webp'
[18:31:54] [Render thread/INFO]: Successfully loaded image 'controlify:textures/screenshots/reduce-aim-sensitivity.webp'
[18:31:54] [Render thread/INFO]: Successfully loaded image 'controlify:textures/screenshots/screen-button-guide.webp'
[18:31:54] [Render thread/INFO]: Creating pipeline for dimension minecraft:overworld
[18:31:56] [Render thread/INFO]: Initializing Controlify...
[18:31:56] [Render thread/INFO]: Loading Controlify config...
[18:31:56] [Render thread/INFO]: First launch detected. Creating initial config file!
[18:31:56] [Render thread/INFO]: Saving Controlify config...
[18:32:08] [Render thread/INFO]: Saving Controlify config...
[18:32:08] [Render thread/INFO]: [STDOUT]: starting download
[18:32:10] [ForkJoinPool.commonPool-worker-1/INFO]: Initialised SDL4j 3.6896c4c
[18:32:10] [Render thread/INFO]: Finishing Controlify init...
[18:32:10] [Render thread/INFO]: Successfully loaded 519 gamepad mapping entries!
[18:32:10] [Render thread/INFO]: No controllers found.
[18:32:25] [Render thread/ERROR]: Can't ping dngry.aternos.me: Internal Exception: java.net.SocketException: Connection reset
[18:32:27] [Render thread/INFO]: Connecting to dngry.aternos.me, 25565
[18:32:28] [Netty Client IO #2/INFO]: Dispatching reloading event for config leavesbegone-server.toml
[18:32:29] [Render thread/INFO]: Reloading pipeline on dimension change: minecraft:overworld => minecraft:overworld
[18:32:29] [Render thread/INFO]: Destroying pipeline minecraft:overworld
[18:32:29] [Render thread/INFO]: Creating pipeline for dimension minecraft:overworld
[18:32:29] [Render thread/INFO]: Started 6 worker threads
[18:32:29] [Render thread/INFO]: Starting JEI...
[18:32:29] [Render thread/INFO]: Registering item subtypes...
[18:32:29] [Render thread/INFO]: Registering item subtypes took 3.039 ms
[18:32:29] [Render thread/INFO]: Registering fluid subtypes...
[18:32:29] [Render thread/INFO]: Registering fluid subtypes took 1.118 ms
[18:32:29] [Render thread/INFO]: Registering ingredients...
[18:32:29] [Render thread/WARN]: Item Group has no display items and no search tab display items. Items from this group will be missing from the JEI ingredient list. Operatorhilfsmittel
[18:32:29] [Render thread/INFO]: Registering ingredients: jei:minecraft took 87.22 milliseconds
[18:32:29] [Render thread/INFO]: Registering ingredients took 87.83 ms
[18:32:29] [Render thread/INFO]: Registering extra ingredients...
[18:32:29] [Render thread/INFO]: Registering extra ingredients took 182.1 μs
[18:32:29] [Render thread/INFO]: Registering search ingredient aliases...
[18:32:29] [Render thread/INFO]: Registering search ingredient aliases took 497.1 μs
[18:32:29] [Render thread/INFO]: Registering Mod Info...
[18:32:29] [Render thread/INFO]: Registering Mod Info took 236.2 μs
[18:32:29] [Render thread/INFO]: Registering categories...
[18:32:29] [Render thread/INFO]: Registering categories took 10.16 ms
[18:32:29] [Render thread/INFO]: Registering vanilla category extensions...
[18:32:29] [Render thread/INFO]: Registering vanilla category extensions took 1.672 ms
[18:32:29] [Render thread/INFO]: Registering recipe catalysts...
[18:32:29] [Render thread/INFO]: Registering recipe catalysts took 560.6 μs
[18:32:29] [Render thread/INFO]: Building recipe registry...
[18:32:29] [Render thread/INFO]: Building recipe registry took 8.025 ms
[18:32:29] [Render thread/INFO]: Registering advanced plugins...
[18:32:29] [Render thread/INFO]: Registering advanced plugins took 233.9 μs
[18:32:29] [Render thread/INFO]: Registering recipes...
[18:32:30] [Render thread/INFO]: Registering recipes: jei:minecraft took 107.8 milliseconds
[18:32:30] [Render thread/INFO]: Registering recipes took 108.4 ms
[18:32:30] [Render thread/INFO]: Registering recipes transfer handlers...
[18:32:30] [Render thread/INFO]: Registering recipes transfer handlers took 1.605 ms
[18:32:30] [Render thread/INFO]: Building runtime...
[18:32:30] [Render thread/INFO]: Registering gui handlers...
[18:32:30] [Render thread/INFO]: Registering gui handlers took 11.83 ms
[18:32:30] [Render thread/INFO]: Registering Runtime...
[18:32:30] [Render thread/INFO]: Starting JEI GUI
[18:32:30] [Render thread/INFO]: Building ingredient list...
[18:32:30] [Render thread/INFO]: Building ingredient list took 22.82 ms
[18:32:30] [Render thread/INFO]: Building ingredient filter...
[18:32:30] [Render thread/INFO]: Adding 2235 ingredients
[18:32:30] [Render thread/INFO]: Added 2235 ingredients
[18:32:30] [Render thread/INFO]: Building ingredient filter took 206.2 ms
[18:32:30] [Render thread/INFO]: Registering Runtime: jei:fabric_gui took 312.2 milliseconds
[18:32:30] [Render thread/INFO]: Registering Runtime took 312.9 ms
[18:32:30] [Render thread/INFO]: Building runtime took 340.2 ms
[18:32:30] [Render thread/INFO]: Sending Runtime...
[18:32:30] [Render thread/INFO]: Sending Runtime took 194.2 μs
[18:32:30] [Render thread/INFO]: Starting JEI took 621.9 ms
[18:32:30] [Render thread/INFO]: Loaded 2 advancements
[18:32:30] [Render thread/INFO]: Loaded 4 advancements
[18:32:30] [Render thread/INFO]: Stopping worker threads
[18:32:30] [Render thread/INFO]: Started 6 worker threads
[18:32:30] [Render thread/WARN]: Shader clouds could not find uniform named ModelViewMat in the specified shader program.
[18:32:30] [Render thread/WARN]: Shader clouds could not find uniform named ProjMat in the specified shader program.
[18:32:30] [Render thread/WARN]: Shader clouds could not find uniform named ColorModulator in the specified shader program.
[18:32:30] [Render thread/WARN]: Shader clouds could not find uniform named FogStart in the specified shader program.
[18:32:30] [Render thread/WARN]: Shader clouds could not find uniform named FogEnd in the specified shader program.
[18:32:30] [Render thread/WARN]: Shader clouds could not find uniform named FogColor in the specified shader program.
[18:32:31] [Render thread/INFO]: [System] [CHAT] §eJourneyMap:§f Drücke [§bJ§f]
[18:33:12] [Render thread/INFO]: Loaded 4 advancements
[18:33:23] [Render thread/INFO]: Loaded 7 advancements
[18:33:48] [Render thread/INFO]: Loaded 18 advancements
[18:33:50] [Render thread/INFO]: Loaded 21 advancements
[18:35:07] [Render thread/INFO]: Loaded 28 advancements
[18:35:31] [Render thread/INFO]: Stopping worker threads
[18:35:34] [Render thread/INFO]: Stopping!
